{"message":"Server listening on port 5000","level":"info","timestamp":"2020-12-13T03:19:52.365Z"}
{"message":"Server listening on port 5000","level":"info","timestamp":"2020-12-13T03:21:41.786Z"}
{"message":"Server listening on port 5000","level":"info","timestamp":"2020-12-13T03:22:16.334Z"}
{"message":"Server listening on port 5000","level":"info","timestamp":"2020-12-13T03:22:23.831Z"}
{"message":"Server listening on port 5000","level":"info","timestamp":"2020-12-13T03:22:28.197Z"}
{"message":"Server listening on port 5000","level":"info","timestamp":"2020-12-13T03:22:33.410Z"}
{"message":"Server listening on port 5000","level":"info","timestamp":"2020-12-13T03:22:46.908Z"}
{"message":"Server listening on port 5000","level":"info","timestamp":"2020-12-13T03:26:22.380Z"}
{"message":"Server listening on port 5000","level":"info","timestamp":"2020-12-13T03:26:50.641Z"}
{"message":"Server listening on port 5000","level":"info","timestamp":"2020-12-13T03:27:04.778Z"}
{"message":"Server listening on port 5000","level":"info","timestamp":"2020-12-13T03:27:06.380Z"}
{"message":"Server listening on port 5000","level":"info","timestamp":"2020-12-13T03:27:06.815Z"}
{"message":"Server listening on port 5000","level":"info","timestamp":"2020-12-13T03:27:07.042Z"}
{"message":"Server listening on port 5000","level":"info","timestamp":"2020-12-13T03:27:08.335Z"}
{"message":"Server listening on port 5000","level":"info","timestamp":"2020-12-13T03:27:18.483Z"}
{"message":"Server listening on port 5000","level":"info","timestamp":"2020-12-13T03:28:50.013Z"}
{"message":"Server listening on port 5000","level":"info","timestamp":"2020-12-13T03:29:09.498Z"}
{"message":"Server listening on port 5000","level":"info","timestamp":"2020-12-13T03:29:31.682Z"}
{"message":"Server listening on port 5000","level":"info","timestamp":"2020-12-13T03:30:40.265Z"}
{"message":"Server listening on port 5000","level":"info","timestamp":"2020-12-13T03:31:52.355Z"}
{"message":"Server listening on port 5000","level":"info","timestamp":"2020-12-13T03:32:21.778Z"}
{"message":"Server listening on port 5000","level":"info","timestamp":"2020-12-13T03:32:38.306Z"}
{"message":"Server listening on port 5000","level":"info","timestamp":"2020-12-13T03:32:49.925Z"}
{"message":"Server listening on port 5000","level":"info","timestamp":"2020-12-13T03:33:20.272Z"}
{"message":"Server listening on port 5000","level":"info","timestamp":"2020-12-13T03:33:43.739Z"}
{"message":"Server listening on port 5000","level":"info","timestamp":"2020-12-13T03:34:20.622Z"}
{"message":"Server listening on port 5000","level":"info","timestamp":"2020-12-13T03:35:28.791Z"}
{"message":"Server listening on port 5000","level":"info","timestamp":"2020-12-13T03:35:42.397Z"}
{"message":"Server listening on port 5000","level":"info","timestamp":"2020-12-13T03:35:57.040Z"}
{"message":"Server listening on port 5000","level":"info","timestamp":"2020-12-13T03:36:14.185Z"}
{"message":"Server listening on port 5000","level":"info","timestamp":"2020-12-13T03:36:34.529Z"}
{"message":"Server listening on port 5000","level":"info","timestamp":"2020-12-13T03:36:38.971Z"}
{"message":"Server listening on port 5000","level":"info","timestamp":"2020-12-13T03:36:39.988Z"}
{"message":"Server listening on port 5000","level":"info","timestamp":"2020-12-13T03:36:42.319Z"}
{"message":"Server listening on port 5000","level":"info","timestamp":"2020-12-13T03:36:45.935Z"}
{"message":"Server listening on port 5000","level":"info","timestamp":"2020-12-13T03:37:02.712Z"}
{"message":"GET request received! Querying all avaliable entries...","level":"info","timestamp":"2020-12-13T03:37:28.660Z"}
{"message":"Sucessfully queried. Sending back response...","level":"info","timestamp":"2020-12-13T03:37:28.681Z"}
{"0":2,"1":[false,false,false,false,false,false,true],"2":"01:00","level":"info","message":"POST request received! Creating new entry with params ($1), ($2), ($3)","timestamp":"2020-12-13T03:37:57.935Z"}
{"message":"Created new entry. Sending back response...","level":"info","timestamp":"2020-12-13T03:37:57.988Z"}
{"message":"Server listening on port 5000","level":"info","timestamp":"2020-12-13T03:39:51.955Z"}
{"message":"Server listening on port 5000","level":"info","timestamp":"2020-12-13T03:42:06.774Z"}
{"message":"GET request received! Querying all avaliable entries...","level":"info","timestamp":"2020-12-13T03:43:06.001Z"}
{"message":"Sucessfully queried. Sending back response...","level":"info","timestamp":"2020-12-13T03:43:06.022Z"}
{"message":"POST request received! Creating new entry...","level":"info","timestamp":"2020-12-13T03:43:30.059Z"}
{"message":"Created new entry. Sending back response...","level":"info","timestamp":"2020-12-13T03:43:30.113Z"}
{"message":"Server listening on port 5000","level":"info","timestamp":"2020-12-13T03:45:38.943Z"}
